<?xml version="1.0" encoding="UTF-8"?>
<!-- Generated by org.testng.reporters.JUnitReportReporter -->
<testsuite skipped="0" hostname="mitrais-3.local" name="sampleproject.AppTest" tests="1" failures="0" timestamp="2020-02-12T12:00:34 WIB" time="0.014" errors="0">
  <testcase name="sampleTest" time="0.014" classname="sampleproject.AppTest"/>
  <system-out/>
</testsuite> <!-- sampleproject.AppTest -->
