<?xml version="1.0" encoding="UTF-8"?>
<!-- Generated by org.testng.reporters.JUnitReportReporter -->
<testsuite skipped="0" hostname="mitrais-3.local" name="sampleproject.Tests" tests="1" failures="0" timestamp="2020-03-11T15:25:46 WIB" time="77.781" errors="0">
  <testcase name="testOne" time="77.781" classname="sampleproject.Tests"/>
  <system-out/>
</testsuite> <!-- sampleproject.Tests -->
